<?xml version="1.0" encoding="UTF-8"?>
<!-- Generated by org.testng.reporters.JUnitXMLReporter -->
<testsuite ignored="0" hostname="AELTA000MON06" failures="0" tests="5" name="Test" time="81.959" errors="0" timestamp="2023-09-21T15:56:17 IST">
  <testcase classname="testcases.All_Test" name="SetPincode" time="10.338"/>
  <testcase classname="testcases.All_Test" name="SearchAndAddtoCart" time="20.7"/>
  <testcase classname="testcases.All_Test" name="MyCartScreen" time="8.438"/>
  <testcase classname="testcases.All_Test" name="AddressCheck" time="7.078"/>
  <testcase classname="testcases.All_Test" name="CheckoutScreens" time="11.453"/>
</testsuite> <!-- Test -->
