<?xml version="1.0" encoding="UTF-8"?>
<!-- Generated by org.testng.reporters.JUnitXMLReporter -->
<testsuite ignored="0" hostname="AELTA000MON06" failures="0" tests="5" name="Default test" time="61.969" errors="0" timestamp="2023-09-21T16:45:43 IST">
  <testcase classname="testcases.All_Test" name="SetPincode" time="19.329"/>
  <testcase classname="testcases.All_Test" name="SearchAndAddtoCart" time="8.707"/>
  <testcase classname="testcases.All_Test" name="MyCartScreen" time="2.541"/>
  <testcase classname="testcases.All_Test" name="AddressCheck" time="6.27"/>
  <testcase classname="testcases.All_Test" name="CheckoutScreens" time="11.56"/>
</testsuite> <!-- Default test -->
